Build started 29-04-2016 13:52:26.
     1>Project "C:\Users\SONY\Desktop\CAD\Project\CMU-24-681-CAD-MIProject\build\public\src\ysgebl\src\cmdlib\geblcmdlib.vcxproj" on node 7 (Build target(s)).
     1>CustomBuild:
         Building Custom Rule C:/Users/SONY/Desktop/CAD/Project/CMU-24-681-CAD-MIProject/YsFramework/public/src/ysgebl/src/cmdlib/CMakeLists.txt
         CMake does not need to re-run because C:\Users\SONY\Desktop\CAD\Project\CMU-24-681-CAD-MIProject\build\public\src\ysgebl\src\cmdlib\CMakeFiles\generate.stamp is up-to-date.
       ClCompile:
         C:\Program Files (x86)\Microsoft Visual Studio 12.0\VC\bin\x86_amd64\CL.exe /c /I"C:\Users\SONY\Desktop\CAD\Project\CMU-24-681-CAD-MIProject\YsFramework\public\src\imported\include" /I"C:\Users\SONY\Desktop\CAD\Project\CMU-24-681-CAD-MIProject\YsFramework\public\src\ysgebl\src\cmdlib" /I"C:\Users\SONY\Desktop\CAD\Project\CMU-24-681-CAD-MIProject\YsFramework\public\src\ysgebl\src\cmdlib\." /I"C:\Users\SONY\Desktop\CAD\Project\CMU-24-681-CAD-MIProject\YsFramework\public\src\ysgebl\src\kernel" /I"C:\Users\SONY\Desktop\CAD\Project\CMU-24-681-CAD-MIProject\YsFramework\public\src\ysclass\src" /I"C:\Users\SONY\Desktop\CAD\Project\CMU-24-681-CAD-MIProject\YsFramework\public\src\ysclass11\src" /I"C:\Users\SONY\Desktop\CAD\Project\CMU-24-681-CAD-MIProject\YsFramework\public\src\ysglcpp\src" /I"C:\Users\SONY\Desktop\CAD\Project\CMU-24-681-CAD-MIProject\YsFramework\public\src\ysgebl\src\kernelutil" /I"C:\Users\SONY\Desktop\CAD\Project\CMU-24-681-CAD-MIProject\YsFramework\public\src\ysgebl\src\gui" /I"C:\Users\SONY\Desktop\CAD\Project\CMU-24-681-CAD-MIProject\YsFramework\public\src\ysgebl\src\gui_foundation" /I"C:\Users\SONY\Desktop\CAD\Project\CMU-24-681-CAD-MIProject\YsFramework\public\src\fsguilib\filedialog" /I"C:\Users\SONY\Desktop\CAD\Project\CMU-24-681-CAD-MIProject\YsFramework\public\src\fsguilib\src" /I"C:\Users\SONY\Desktop\CAD\Project\CMU-24-681-CAD-MIProject\YsFramework\public\src\fssimplewindow\src" /I"C:\Users\SONY\Desktop\CAD\Project\CMU-24-681-CAD-MIProject\YsFramework\public\src\ysbitmap\src" /I"C:\Users\SONY\Desktop\CAD\Project\CMU-24-681-CAD-MIProject\YsFramework\public\src\yssystemfont\src" /I"C:\Users\SONY\Desktop\CAD\Project\CMU-24-681-CAD-MIProject\YsFramework\public\src\ysbitmapfont\src" /I"C:\Users\SONY\Desktop\CAD\Project\CMU-24-681-CAD-MIProject\YsFramework\public\src\ysgl\src" /I"C:\Users\SONY\Desktop\CAD\Project\CMU-24-681-CAD-MIProject\YsFramework\src\imported\include" /I"C:\Users\SONY\Desktop\CAD\Project\CMU-24-681-CAD-MIProject\YsFramework\public\src\ysfontrenderer\src" /I"C:\Users\SONY\Desktop\CAD\Project\CMU-24-681-CAD-MIProject\YsFramework\public\src\fsgui3d\src" /I"C:\Users\SONY\Desktop\CAD\Project\CMU-24-681-CAD-MIProject\YsFramework\public\src\ysport\src" /I"C:\Users\SONY\Desktop\CAD\Project\CMU-24-681-CAD-MIProject\YsFramework\public\src\ysgebl\src\shellrender" /I"C:\Users\SONY\Desktop\CAD\Project\CMU-24-681-CAD-MIProject\YsFramework\public\src\ysglcpp\src\gl2" /I"C:\Users\SONY\Desktop\CAD\Project\CMU-24-681-CAD-MIProject\YsFramework\public\src\fsguilib\src\gl2" /I"C:\Users\SONY\Desktop\CAD\Project\CMU-24-681-CAD-MIProject\YsFramework\public\src\fsgui3d\src\gl2" /I"C:\Users\SONY\Desktop\CAD\Project\CMU-24-681-CAD-MIProject\YsFramework\public\src\fslazywindow\src" /I"C:\Users\SONY\Desktop\CAD\Project\CMU-24-681-CAD-MIProject\YsFramework\public\src\ysgebl\src\kernel\." /I"C:\Users\SONY\Desktop\CAD\Project\CMU-24-681-CAD-MIProject\YsFramework\public\src\ysclass\src\." /I"C:\Users\SONY\Desktop\CAD\Project\CMU-24-681-CAD-MIProject\YsFramework\public\src\ysclass11\src\." /I"C:\Users\SONY\Desktop\CAD\Project\CMU-24-681-CAD-MIProject\YsFramework\public\src\ysglcpp\src\." /I"C:\Users\SONY\Desktop\CAD\Project\CMU-24-681-CAD-MIProject\YsFramework\public\src\ysgebl\src\kernelutil\." /I"C:\Users\SONY\Desktop\CAD\Project\CMU-24-681-CAD-MIProject\YsFramework\public\src\ysgebl\src\gui\." /I"C:\Users\SONY\Desktop\CAD\Project\CMU-24-681-CAD-MIProject\YsFramework\public\src\ysgebl\src\gui_foundation\." /I"C:\Users\SONY\Desktop\CAD\Project\CMU-24-681-CAD-MIProject\YsFramework\public\src\ysgebl\src\shellrender\." /I"C:\Users\SONY\Desktop\CAD\Project\CMU-24-681-CAD-MIProject\YsFramework\public\src\ysglcpp\src\gl2\." /I"C:\Users\SONY\Desktop\CAD\Project\CMU-24-681-CAD-MIProject\YsFramework\public\src\ysbitmapfont\src\." /I"C:\Users\SONY\Desktop\CAD\Project\CMU-24-681-CAD-MIProject\YsFramework\public\src\ysgl\src\." /I"C:\Users\SONY\Desktop\CAD\Project\CMU-24-681-CAD-MIProject\YsFramework\public\src\fsguilib\filedialog\." /I"C:\Users\SONY\Desktop\CAD\Project\CMU-24-681-CAD-MIProject\YsFramework\public\src\fsguilib\src\." /I"C:\Users\SONY\Desktop\CAD\Project\CMU-24-681-CAD-MIProject\YsFramework\public\src\ysbitmap\src\." /I"C:\Users\SONY\Desktop\CAD\Project\CMU-24-681-CAD-MIProject\YsFramework\public\src\ysfontrenderer\src\." /I"C:\Users\SONY\Desktop\CAD\Project\CMU-24-681-CAD-MIProject\YsFramework\public\src\fssimplewindow\src\." /I"C:\Users\SONY\Desktop\CAD\Project\CMU-24-681-CAD-MIProject\YsFramework\public\src\fsgui3d\src\." /I"C:\Users\SONY\Desktop\CAD\Project\CMU-24-681-CAD-MIProject\YsFramework\public\src\fsguilib\src\gl2\." /I"C:\Users\SONY\Desktop\CAD\Project\CMU-24-681-CAD-MIProject\YsFramework\public\src\yssystemfont\src\." /I"C:\Users\SONY\Desktop\CAD\Project\CMU-24-681-CAD-MIProject\YsFramework\public\src\fsgui3d\src\gl2\." /I"C:\Users\SONY\Desktop\CAD\Project\CMU-24-681-CAD-MIProject\YsFramework\public\src\ysport\src\." /I"C:\Users\SONY\Desktop\CAD\Project\CMU-24-681-CAD-MIProject\YsFramework\public\src\fslazywindow\src\." /nologo /W3 /WX- /MP /O2 /Ob2 /D WIN32 /D _WINDOWS /D NDEBUG /D "CMAKE_INTDIR=\"Release\"" /D _MBCS /Gm- /EHsc /MT /GS /fp:precise /Zc:wchar_t /Zc:forScope /GR /Fo"geblcmdlib.dir\Release\\" /Fd"geblcmdlib.dir\Release\vc120.pdb" /Gd /TP /wd4996 /errorReport:prompt "C:\Users\SONY\Desktop\CAD\Project\CMU-24-681-CAD-MIProject\YsFramework\public\src\ysgebl\src\cmdlib\geblcmdparam\cmdparam.cpp" "C:\Users\SONY\Desktop\CAD\Project\CMU-24-681-CAD-MIProject\YsFramework\public\src\ysgebl\src\cmdlib\geblfileio\fileio.cpp" "C:\Users\SONY\Desktop\CAD\Project\CMU-24-681-CAD-MIProject\YsFramework\public\src\ysgebl\src\cmdlib\geblworkorder\workorder.cpp" "C:\Users\SONY\Desktop\CAD\Project\CMU-24-681-CAD-MIProject\YsFramework\public\src\ysgebl\src\cmdlib\geblworkorder\workorder_constedge.cpp" "C:\Users\SONY\Desktop\CAD\Project\CMU-24-681-CAD-MIProject\YsFramework\public\src\ysgebl\src\cmdlib\geblworkorder\workorder_mergevertex.cpp" "C:\Users\SONY\Desktop\CAD\Project\CMU-24-681-CAD-MIProject\YsFramework\public\src\ysgebl\src\cmdlib\geblworkorder\workorder_stitch.cpp" "C:\Users\SONY\Desktop\CAD\Project\CMU-24-681-CAD-MIProject\YsFramework\public\src\ysgebl\src\cmdlib\geblworkorder\workorder_config.cpp" "C:\Users\SONY\Desktop\CAD\Project\CMU-24-681-CAD-MIProject\YsFramework\public\src\ysgebl\src\cmdlib\geblworkorder\workorder_orientation.cpp" "C:\Users\SONY\Desktop\CAD\Project\CMU-24-681-CAD-MIProject\YsFramework\public\src\ysgebl\src\cmdlib\geblworkorder\workorder_fileio.cpp" "C:\Users\SONY\Desktop\CAD\Project\CMU-24-681-CAD-MIProject\YsFramework\public\src\ysgebl\src\cmdlib\geblworkorder\workorder_control.cpp" "C:\Users\SONY\Desktop\CAD\Project\CMU-24-681-CAD-MIProject\YsFramework\public\src\ysgebl\src\cmdlib\geblworkorder\workorder_facegroup.cpp"
         cmdparam.cpp
         fileio.cpp
         workorder.cpp
         workorder_constedge.cpp
         workorder_mergevertex.cpp
         workorder_stitch.cpp
         workorder_config.cpp
         workorder_orientation.cpp
         workorder_fileio.cpp
         workorder_control.cpp
         workorder_facegroup.cpp
       Lib:
         C:\Program Files (x86)\Microsoft Visual Studio 12.0\VC\bin\x86_amd64\Lib.exe /OUT:"C:\Users\SONY\Desktop\CAD\Project\CMU-24-681-CAD-MIProject\build\lib\Release\geblcmdlib.lib" /NOLOGO /MACHINE:X64  /machine:x64 geblcmdlib.dir\Release\cmdparam.obj
         geblcmdlib.dir\Release\fileio.obj
         geblcmdlib.dir\Release\workorder.obj
         geblcmdlib.dir\Release\workorder_constedge.obj
         geblcmdlib.dir\Release\workorder_mergevertex.obj
         geblcmdlib.dir\Release\workorder_stitch.obj
         geblcmdlib.dir\Release\workorder_config.obj
         geblcmdlib.dir\Release\workorder_orientation.obj
         geblcmdlib.dir\Release\workorder_fileio.obj
         geblcmdlib.dir\Release\workorder_control.obj
         geblcmdlib.dir\Release\workorder_facegroup.obj
         geblcmdlib.vcxproj -> C:\Users\SONY\Desktop\CAD\Project\CMU-24-681-CAD-MIProject\build\lib\Release\geblcmdlib.lib
     1>Done Building Project "C:\Users\SONY\Desktop\CAD\Project\CMU-24-681-CAD-MIProject\build\public\src\ysgebl\src\cmdlib\geblcmdlib.vcxproj" (Build target(s)).

Build succeeded.

Time Elapsed 00:00:05.92
