Build started 29-04-2016 13:50:46.
     1>Project "C:\Users\SONY\Desktop\CAD\Project\CMU-24-681-CAD-MIProject\build\public\src\ysbitmap\src\ysbitmap.vcxproj" on node 4 (Build target(s)).
     1>CustomBuild:
         Building Custom Rule C:/Users/SONY/Desktop/CAD/Project/CMU-24-681-CAD-MIProject/YsFramework/public/src/ysbitmap/src/CMakeLists.txt
         CMake does not need to re-run because C:\Users\SONY\Desktop\CAD\Project\CMU-24-681-CAD-MIProject\build\public\src\ysbitmap\src\CMakeFiles\generate.stamp is up-to-date.
       ClCompile:
         C:\Program Files (x86)\Microsoft Visual Studio 12.0\VC\bin\x86_amd64\CL.exe /c /I"C:\Users\SONY\Desktop\CAD\Project\CMU-24-681-CAD-MIProject\YsFramework\public\src\imported\include" /I"C:\Users\SONY\Desktop\CAD\Project\CMU-24-681-CAD-MIProject\YsFramework\public\src\ysbitmap\src" /I"C:\Users\SONY\Desktop\CAD\Project\CMU-24-681-CAD-MIProject\YsFramework\public\src\ysbitmap\src\." /nologo /W3 /WX- /MP /O2 /Ob2 /D WIN32 /D _WINDOWS /D NDEBUG /D "CMAKE_INTDIR=\"Release\"" /D _MBCS /Gm- /EHsc /MT /GS /fp:precise /Zc:wchar_t /Zc:forScope /GR /Fo"ysbitmap.dir\Release\\" /Fd"ysbitmap.dir\Release\vc120.pdb" /Gd /TP /wd4996 /errorReport:prompt "C:\Users\SONY\Desktop\CAD\Project\CMU-24-681-CAD-MIProject\YsFramework\public\src\ysbitmap\src\yswin32bitmap.cpp" "C:\Users\SONY\Desktop\CAD\Project\CMU-24-681-CAD-MIProject\YsFramework\public\src\ysbitmap\src\ysbitmap.cpp" "C:\Users\SONY\Desktop\CAD\Project\CMU-24-681-CAD-MIProject\YsFramework\public\src\ysbitmap\src\ysbitmaparray.cpp" "C:\Users\SONY\Desktop\CAD\Project\CMU-24-681-CAD-MIProject\YsFramework\public\src\ysbitmap\src\ysbitmappngif.cpp" "C:\Users\SONY\Desktop\CAD\Project\CMU-24-681-CAD-MIProject\YsFramework\public\src\ysbitmap\src\yspng.cpp" "C:\Users\SONY\Desktop\CAD\Project\CMU-24-681-CAD-MIProject\YsFramework\public\src\ysbitmap\src\yspngenc.cpp"
         yswin32bitmap.cpp
         ysbitmap.cpp
         ysbitmaparray.cpp
         ysbitmappngif.cpp
         yspng.cpp
         yspngenc.cpp
       Lib:
         C:\Program Files (x86)\Microsoft Visual Studio 12.0\VC\bin\x86_amd64\Lib.exe /OUT:"C:\Users\SONY\Desktop\CAD\Project\CMU-24-681-CAD-MIProject\build\lib\Release\ysbitmap.lib" /NOLOGO /MACHINE:X64  /machine:x64 ysbitmap.dir\Release\yswin32bitmap.obj
         ysbitmap.dir\Release\ysbitmap.obj
         ysbitmap.dir\Release\ysbitmaparray.obj
         ysbitmap.dir\Release\ysbitmappngif.obj
         ysbitmap.dir\Release\yspng.obj
         ysbitmap.dir\Release\yspngenc.obj
         ysbitmap.vcxproj -> C:\Users\SONY\Desktop\CAD\Project\CMU-24-681-CAD-MIProject\build\lib\Release\ysbitmap.lib
     1>Done Building Project "C:\Users\SONY\Desktop\CAD\Project\CMU-24-681-CAD-MIProject\build\public\src\ysbitmap\src\ysbitmap.vcxproj" (Build target(s)).

Build succeeded.

Time Elapsed 00:00:38.99
