Build started 29-04-2016 14:00:35.
     1>Project "C:\Users\SONY\Desktop\CAD\Project\CMU-24-681-CAD-MIProject\build\Main\mi_project.vcxproj" on node 3 (Build target(s)).
     1>ClCompile:
         C:\Program Files (x86)\Microsoft Visual Studio 12.0\VC\bin\x86_amd64\CL.exe /c /I"C:\Users\SONY\Desktop\CAD\Project\CMU-24-681-CAD-MIProject\YsFramework\public\src\ysclass\src" /I"C:\Users\SONY\Desktop\CAD\Project\CMU-24-681-CAD-MIProject\YsFramework\public\src\ysclass\src\." /I"C:\Users\SONY\Desktop\CAD\Project\CMU-24-681-CAD-MIProject\YsFramework\public\src\ysgl\src" /I"C:\Users\SONY\Desktop\CAD\Project\CMU-24-681-CAD-MIProject\YsFramework\public\src\ysgl\src\." /I"C:\Users\SONY\Desktop\CAD\Project\CMU-24-681-CAD-MIProject\YsFramework\src\imported\include" /I"C:\Users\SONY\Desktop\CAD\Project\CMU-24-681-CAD-MIProject\YsFramework\public\src\ysglcpp\src" /I"C:\Users\SONY\Desktop\CAD\Project\CMU-24-681-CAD-MIProject\YsFramework\public\src\ysglcpp\src\." /I"C:\Users\SONY\Desktop\CAD\Project\CMU-24-681-CAD-MIProject\YsFramework\public\src\ysglcpp\src\gl2" /I"C:\Users\SONY\Desktop\CAD\Project\CMU-24-681-CAD-MIProject\YsFramework\public\src\ysglcpp\src\gl2\." /I"C:\Users\SONY\Desktop\CAD\Project\CMU-24-681-CAD-MIProject\YsFramework\public\src\ysbitmapfont\src" /I"C:\Users\SONY\Desktop\CAD\Project\CMU-24-681-CAD-MIProject\YsFramework\public\src\ysbitmapfont\src\." /I"C:\Users\SONY\Desktop\CAD\Project\CMU-24-681-CAD-MIProject\YsFramework\public\src\ysgebl\src\kernel" /I"C:\Users\SONY\Desktop\CAD\Project\CMU-24-681-CAD-MIProject\YsFramework\public\src\ysgebl\src\kernel\." /I"C:\Users\SONY\Desktop\CAD\Project\CMU-24-681-CAD-MIProject\YsFramework\public\src\ysclass11\src" /I"C:\Users\SONY\Desktop\CAD\Project\CMU-24-681-CAD-MIProject\YsFramework\public\src\ysclass11\src\." /I"C:\Users\SONY\Desktop\CAD\Project\CMU-24-681-CAD-MIProject\YsFramework\public\src\ysgebl\src\kernelutil" /I"C:\Users\SONY\Desktop\CAD\Project\CMU-24-681-CAD-MIProject\YsFramework\public\src\ysgebl\src\kernelutil\." /nologo /W3 /WX- /MP /O2 /Ob2 /D WIN32 /D _WINDOWS /D NDEBUG /D "CMAKE_INTDIR=\"Release\"" /D _MBCS /Gm- /EHsc /MT /GS /fp:precise /Zc:wchar_t /Zc:forScope /GR /Fo"mi_project.dir\Release\\" /Fd"mi_project.dir\Release\vc120.pdb" /Gd /TP /wd4996 /errorReport:prompt "C:\Users\SONY\Desktop\CAD\Project\CMU-24-681-CAD-MIProject\YsFramework\Main\Anchor.cpp" "C:\Users\SONY\Desktop\CAD\Project\CMU-24-681-CAD-MIProject\YsFramework\Main\clustering.cpp" "C:\Users\SONY\Desktop\CAD\Project\CMU-24-681-CAD-MIProject\YsFramework\Main\vertex_to_polygon.cpp" "C:\Users\SONY\Desktop\CAD\Project\CMU-24-681-CAD-MIProject\YsFramework\Main\main.cpp"
         Anchor.cpp
         clustering.cpp
         vertex_to_polygon.cpp
         main.cpp
     1>c:\users\sony\desktop\cad\project\cmu-24-681-cad-miproject\ysframework\main\mihashtable.h(122): warning C4346: 'HashSet<Key>::big' : dependent name is not a type (C:\Users\SONY\Desktop\CAD\Project\CMU-24-681-CAD-MIProject\YsFramework\Main\main.cpp)
                 prefix with 'typename' to indicate a type
     1>c:\users\sony\desktop\cad\project\cmu-24-681-cad-miproject\ysframework\main\mihashtable.h(122): warning C4346: 'HashSet<Key>::big' : dependent name is not a type (C:\Users\SONY\Desktop\CAD\Project\CMU-24-681-CAD-MIProject\YsFramework\Main\Anchor.cpp)
                 prefix with 'typename' to indicate a type
     1>c:\users\sony\desktop\cad\project\cmu-24-681-cad-miproject\ysframework\main\mihashtable.h(122): error C2146: syntax error : missing ')' before identifier 'newSize' (C:\Users\SONY\Desktop\CAD\Project\CMU-24-681-CAD-MIProject\YsFramework\Main\main.cpp)
     1>c:\users\sony\desktop\cad\project\cmu-24-681-cad-miproject\ysframework\main\mihashtable.h(122): error C2146: syntax error : missing ')' before identifier 'newSize' (C:\Users\SONY\Desktop\CAD\Project\CMU-24-681-CAD-MIProject\YsFramework\Main\Anchor.cpp)
     1>c:\users\sony\desktop\cad\project\cmu-24-681-cad-miproject\ysframework\main\mihashtable.h(122): error C2182: 'Resize' : illegal use of type 'void' (C:\Users\SONY\Desktop\CAD\Project\CMU-24-681-CAD-MIProject\YsFramework\Main\main.cpp)
     1>c:\users\sony\desktop\cad\project\cmu-24-681-cad-miproject\ysframework\main\mihashtable.h(122): error C2182: 'Resize' : illegal use of type 'void' (C:\Users\SONY\Desktop\CAD\Project\CMU-24-681-CAD-MIProject\YsFramework\Main\Anchor.cpp)
     1>c:\users\sony\desktop\cad\project\cmu-24-681-cad-miproject\ysframework\main\mihashtable.h(122): error C2470: 'HashSet<Key>::Resize' : looks like a function definition, but there is no parameter list; skipping apparent body (C:\Users\SONY\Desktop\CAD\Project\CMU-24-681-CAD-MIProject\YsFramework\Main\main.cpp)
     1>c:\users\sony\desktop\cad\project\cmu-24-681-cad-miproject\ysframework\main\mihashtable.h(122): error C2470: 'HashSet<Key>::Resize' : looks like a function definition, but there is no parameter list; skipping apparent body (C:\Users\SONY\Desktop\CAD\Project\CMU-24-681-CAD-MIProject\YsFramework\Main\Anchor.cpp)
     1>c:\users\sony\desktop\cad\project\cmu-24-681-cad-miproject\ysframework\main\mihashtable.h(122): error C2072: 'HashSet<Key>::Resize' : initialization of a function (C:\Users\SONY\Desktop\CAD\Project\CMU-24-681-CAD-MIProject\YsFramework\Main\main.cpp)
     1>c:\users\sony\desktop\cad\project\cmu-24-681-cad-miproject\ysframework\main\mihashtable.h(122): error C2072: 'HashSet<Key>::Resize' : initialization of a function (C:\Users\SONY\Desktop\CAD\Project\CMU-24-681-CAD-MIProject\YsFramework\Main\Anchor.cpp)
     1>c:\users\sony\desktop\cad\project\cmu-24-681-cad-miproject\ysframework\main\mihashtable.h(122): error C2059: syntax error : ')' (C:\Users\SONY\Desktop\CAD\Project\CMU-24-681-CAD-MIProject\YsFramework\Main\main.cpp)
     1>c:\users\sony\desktop\cad\project\cmu-24-681-cad-miproject\ysframework\main\mihashtable.h(122): error C2059: syntax error : ')' (C:\Users\SONY\Desktop\CAD\Project\CMU-24-681-CAD-MIProject\YsFramework\Main\Anchor.cpp)
     1>c:\users\sony\desktop\cad\project\cmu-24-681-cad-miproject\ysframework\main\mihashtable.h(141): error C2065: 'Key' : undeclared identifier (C:\Users\SONY\Desktop\CAD\Project\CMU-24-681-CAD-MIProject\YsFramework\Main\main.cpp)
     1>c:\users\sony\desktop\cad\project\cmu-24-681-cad-miproject\ysframework\main\mihashtable.h(141): error C2065: 'Key' : undeclared identifier (C:\Users\SONY\Desktop\CAD\Project\CMU-24-681-CAD-MIProject\YsFramework\Main\Anchor.cpp)
     1>c:\users\sony\desktop\cad\project\cmu-24-681-cad-miproject\ysframework\main\mihashtable.h(141): error C2923: 'HashSet' : 'Key' is not a valid template type argument for parameter 'Key' (C:\Users\SONY\Desktop\CAD\Project\CMU-24-681-CAD-MIProject\YsFramework\Main\main.cpp)
     1>c:\users\sony\desktop\cad\project\cmu-24-681-cad-miproject\ysframework\main\mihashtable.h(141): error C2923: 'HashSet' : 'Key' is not a valid template type argument for parameter 'Key' (C:\Users\SONY\Desktop\CAD\Project\CMU-24-681-CAD-MIProject\YsFramework\Main\Anchor.cpp)
     1>c:\users\sony\desktop\cad\project\cmu-24-681-cad-miproject\ysframework\main\mihashtable.h(142): error C2143: syntax error : missing ';' before '{' (C:\Users\SONY\Desktop\CAD\Project\CMU-24-681-CAD-MIProject\YsFramework\Main\main.cpp)
     1>c:\users\sony\desktop\cad\project\cmu-24-681-cad-miproject\ysframework\main\mihashtable.h(142): error C2143: syntax error : missing ';' before '{' (C:\Users\SONY\Desktop\CAD\Project\CMU-24-681-CAD-MIProject\YsFramework\Main\Anchor.cpp)
     1>c:\users\sony\desktop\cad\project\cmu-24-681-cad-miproject\ysframework\main\mihashtable.h(142): error C2447: '{' : missing function header (old-style formal list?) (C:\Users\SONY\Desktop\CAD\Project\CMU-24-681-CAD-MIProject\YsFramework\Main\main.cpp)
     1>c:\users\sony\desktop\cad\project\cmu-24-681-cad-miproject\ysframework\main\mihashtable.h(142): error C2447: '{' : missing function header (old-style formal list?) (C:\Users\SONY\Desktop\CAD\Project\CMU-24-681-CAD-MIProject\YsFramework\Main\Anchor.cpp)
     1>c:\users\sony\desktop\cad\project\cmu-24-681-cad-miproject\ysframework\main\mihashtable.h(243): warning C4346: 'HashTable<Key,Value>::Code' : dependent name is not a type (C:\Users\SONY\Desktop\CAD\Project\CMU-24-681-CAD-MIProject\YsFramework\Main\main.cpp)
                 prefix with 'typename' to indicate a type
     1>c:\users\sony\desktop\cad\project\cmu-24-681-cad-miproject\ysframework\main\mihashtable.h(243): warning C4346: 'HashTable<Key,Value>::Code' : dependent name is not a type (C:\Users\SONY\Desktop\CAD\Project\CMU-24-681-CAD-MIProject\YsFramework\Main\Anchor.cpp)
                 prefix with 'typename' to indicate a type
     1>c:\users\sony\desktop\cad\project\cmu-24-681-cad-miproject\ysframework\main\mihashtable.h(243): error C2146: syntax error : missing ')' before identifier 'newSize' (C:\Users\SONY\Desktop\CAD\Project\CMU-24-681-CAD-MIProject\YsFramework\Main\main.cpp)
     1>c:\users\sony\desktop\cad\project\cmu-24-681-cad-miproject\ysframework\main\mihashtable.h(243): error C2146: syntax error : missing ')' before identifier 'newSize' (C:\Users\SONY\Desktop\CAD\Project\CMU-24-681-CAD-MIProject\YsFramework\Main\Anchor.cpp)
     1>c:\users\sony\desktop\cad\project\cmu-24-681-cad-miproject\ysframework\main\mihashtable.h(243): error C2182: 'Resize' : illegal use of type 'void' (C:\Users\SONY\Desktop\CAD\Project\CMU-24-681-CAD-MIProject\YsFramework\Main\main.cpp)
     1>c:\users\sony\desktop\cad\project\cmu-24-681-cad-miproject\ysframework\main\mihashtable.h(243): error C2182: 'Resize' : illegal use of type 'void' (C:\Users\SONY\Desktop\CAD\Project\CMU-24-681-CAD-MIProject\YsFramework\Main\Anchor.cpp)
     1>c:\users\sony\desktop\cad\project\cmu-24-681-cad-miproject\ysframework\main\mihashtable.h(243): error C2470: 'HashTable<Key,Value>::Resize' : looks like a function definition, but there is no parameter list; skipping apparent body (C:\Users\SONY\Desktop\CAD\Project\CMU-24-681-CAD-MIProject\YsFramework\Main\main.cpp)
     1>c:\users\sony\desktop\cad\project\cmu-24-681-cad-miproject\ysframework\main\mihashtable.h(243): error C2470: 'HashTable<Key,Value>::Resize' : looks like a function definition, but there is no parameter list; skipping apparent body (C:\Users\SONY\Desktop\CAD\Project\CMU-24-681-CAD-MIProject\YsFramework\Main\Anchor.cpp)
     1>c:\users\sony\desktop\cad\project\cmu-24-681-cad-miproject\ysframework\main\mihashtable.h(243): error C2072: 'HashTable<Key,Value>::Resize' : initialization of a function (C:\Users\SONY\Desktop\CAD\Project\CMU-24-681-CAD-MIProject\YsFramework\Main\main.cpp)
     1>c:\users\sony\desktop\cad\project\cmu-24-681-cad-miproject\ysframework\main\mihashtable.h(243): error C2072: 'HashTable<Key,Value>::Resize' : initialization of a function (C:\Users\SONY\Desktop\CAD\Project\CMU-24-681-CAD-MIProject\YsFramework\Main\Anchor.cpp)
     1>c:\users\sony\desktop\cad\project\cmu-24-681-cad-miproject\ysframework\main\mihashtable.h(243): error C2059: syntax error : ')' (C:\Users\SONY\Desktop\CAD\Project\CMU-24-681-CAD-MIProject\YsFramework\Main\main.cpp)
     1>c:\users\sony\desktop\cad\project\cmu-24-681-cad-miproject\ysframework\main\mihashtable.h(243): error C2059: syntax error : ')' (C:\Users\SONY\Desktop\CAD\Project\CMU-24-681-CAD-MIProject\YsFramework\Main\Anchor.cpp)
     1>c:\users\sony\desktop\cad\project\cmu-24-681-cad-miproject\ysframework\main\mihashtable.h(262): error C2065: 'Key' : undeclared identifier (C:\Users\SONY\Desktop\CAD\Project\CMU-24-681-CAD-MIProject\YsFramework\Main\main.cpp)
     1>c:\users\sony\desktop\cad\project\cmu-24-681-cad-miproject\ysframework\main\mihashtable.h(262): error C2065: 'Key' : undeclared identifier (C:\Users\SONY\Desktop\CAD\Project\CMU-24-681-CAD-MIProject\YsFramework\Main\Anchor.cpp)
     1>c:\users\sony\desktop\cad\project\cmu-24-681-cad-miproject\ysframework\main\mihashtable.h(262): error C2065: 'Value' : undeclared identifier (C:\Users\SONY\Desktop\CAD\Project\CMU-24-681-CAD-MIProject\YsFramework\Main\main.cpp)
     1>c:\users\sony\desktop\cad\project\cmu-24-681-cad-miproject\ysframework\main\mihashtable.h(262): error C2065: 'Value' : undeclared identifier (C:\Users\SONY\Desktop\CAD\Project\CMU-24-681-CAD-MIProject\YsFramework\Main\Anchor.cpp)
     1>c:\users\sony\desktop\cad\project\cmu-24-681-cad-miproject\ysframework\main\mihashtable.h(262): error C2923: 'HashTable' : 'Key' is not a valid template type argument for parameter 'Key' (C:\Users\SONY\Desktop\CAD\Project\CMU-24-681-CAD-MIProject\YsFramework\Main\main.cpp)
     1>c:\users\sony\desktop\cad\project\cmu-24-681-cad-miproject\ysframework\main\mihashtable.h(262): error C2923: 'HashTable' : 'Key' is not a valid template type argument for parameter 'Key' (C:\Users\SONY\Desktop\CAD\Project\CMU-24-681-CAD-MIProject\YsFramework\Main\Anchor.cpp)
     1>c:\users\sony\desktop\cad\project\cmu-24-681-cad-miproject\ysframework\main\mihashtable.h(262): error C2923: 'HashTable' : 'Value' is not a valid template type argument for parameter 'Value' (C:\Users\SONY\Desktop\CAD\Project\CMU-24-681-CAD-MIProject\YsFramework\Main\main.cpp)
     1>c:\users\sony\desktop\cad\project\cmu-24-681-cad-miproject\ysframework\main\mihashtable.h(262): error C2923: 'HashTable' : 'Value' is not a valid template type argument for parameter 'Value' (C:\Users\SONY\Desktop\CAD\Project\CMU-24-681-CAD-MIProject\YsFramework\Main\Anchor.cpp)
     1>c:\users\sony\desktop\cad\project\cmu-24-681-cad-miproject\ysframework\main\mihashtable.h(263): error C2143: syntax error : missing ';' before '{' (C:\Users\SONY\Desktop\CAD\Project\CMU-24-681-CAD-MIProject\YsFramework\Main\main.cpp)
     1>c:\users\sony\desktop\cad\project\cmu-24-681-cad-miproject\ysframework\main\mihashtable.h(263): error C2143: syntax error : missing ';' before '{' (C:\Users\SONY\Desktop\CAD\Project\CMU-24-681-CAD-MIProject\YsFramework\Main\Anchor.cpp)
     1>c:\users\sony\desktop\cad\project\cmu-24-681-cad-miproject\ysframework\main\mihashtable.h(263): error C2447: '{' : missing function header (old-style formal list?) (C:\Users\SONY\Desktop\CAD\Project\CMU-24-681-CAD-MIProject\YsFramework\Main\main.cpp)
     1>c:\users\sony\desktop\cad\project\cmu-24-681-cad-miproject\ysframework\main\mihashtable.h(263): error C2447: '{' : missing function header (old-style formal list?) (C:\Users\SONY\Desktop\CAD\Project\CMU-24-681-CAD-MIProject\YsFramework\Main\Anchor.cpp)
     1>c:\users\sony\desktop\cad\project\cmu-24-681-cad-miproject\ysframework\main\clustering.h(193): warning C4267: 'return' : conversion from 'size_t' to 'const int', possible loss of data (C:\Users\SONY\Desktop\CAD\Project\CMU-24-681-CAD-MIProject\YsFramework\Main\Anchor.cpp)
     1>c:\users\sony\desktop\cad\project\cmu-24-681-cad-miproject\ysframework\main\clustering.h(193): warning C4267: 'return' : conversion from 'size_t' to 'const int', possible loss of data (C:\Users\SONY\Desktop\CAD\Project\CMU-24-681-CAD-MIProject\YsFramework\Main\main.cpp)
     1>c:\users\sony\desktop\cad\project\cmu-24-681-cad-miproject\ysframework\main\Anchor.h(69): warning C4244: 'return' : conversion from '__int64' to 'int', possible loss of data (C:\Users\SONY\Desktop\CAD\Project\CMU-24-681-CAD-MIProject\YsFramework\Main\Anchor.cpp)
     1>c:\users\sony\desktop\cad\project\cmu-24-681-cad-miproject\ysframework\main\Anchor.h(69): warning C4244: 'return' : conversion from '__int64' to 'int', possible loss of data (C:\Users\SONY\Desktop\CAD\Project\CMU-24-681-CAD-MIProject\YsFramework\Main\main.cpp)
     1>C:\Users\SONY\Desktop\CAD\Project\CMU-24-681-CAD-MIProject\YsFramework\Main\main.cpp(266): warning C4244: '=' : conversion from 'double' to 'float', possible loss of data
     1>C:\Users\SONY\Desktop\CAD\Project\CMU-24-681-CAD-MIProject\YsFramework\Main\main.cpp(267): warning C4244: '=' : conversion from 'double' to 'float', possible loss of data
     1>C:\Users\SONY\Desktop\CAD\Project\CMU-24-681-CAD-MIProject\YsFramework\Main\main.cpp(268): warning C4244: '=' : conversion from 'double' to 'float', possible loss of data
     1>C:\Users\SONY\Desktop\CAD\Project\CMU-24-681-CAD-MIProject\YsFramework\Main\main.cpp(284): warning C4244: 'argument' : conversion from 'double' to 'float', possible loss of data
     1>C:\Users\SONY\Desktop\CAD\Project\CMU-24-681-CAD-MIProject\YsFramework\Main\main.cpp(285): warning C4244: 'argument' : conversion from 'double' to 'float', possible loss of data
     1>C:\Users\SONY\Desktop\CAD\Project\CMU-24-681-CAD-MIProject\YsFramework\Main\main.cpp(286): warning C4244: 'argument' : conversion from 'double' to 'float', possible loss of data
     1>C:\Users\SONY\Desktop\CAD\Project\CMU-24-681-CAD-MIProject\YsFramework\Main\main.cpp(409): error C3861: 'time': identifier not found
     1>C:\Users\SONY\Desktop\CAD\Project\CMU-24-681-CAD-MIProject\YsFramework\Main\Anchor.cpp(252): warning C4018: '<' : signed/unsigned mismatch
     1>C:\Users\SONY\Desktop\CAD\Project\CMU-24-681-CAD-MIProject\YsFramework\Main\Anchor.cpp(317): warning C4018: '<' : signed/unsigned mismatch
     1>C:\Users\SONY\Desktop\CAD\Project\CMU-24-681-CAD-MIProject\YsFramework\Main\Anchor.cpp(325): warning C4244: 'argument' : conversion from '__int64' to 'const int', possible loss of data
     1>C:\Users\SONY\Desktop\CAD\Project\CMU-24-681-CAD-MIProject\YsFramework\Main\Anchor.cpp(336): warning C4267: '/=' : conversion from 'size_t' to 'int', possible loss of data
     1>C:\Users\SONY\Desktop\CAD\Project\CMU-24-681-CAD-MIProject\YsFramework\Main\Anchor.cpp(432): warning C4018: '<' : signed/unsigned mismatch
     1>c:\users\sony\desktop\cad\project\cmu-24-681-cad-miproject\ysframework\main\mihashtable.h(122): warning C4346: 'HashSet<Key>::big' : dependent name is not a type (C:\Users\SONY\Desktop\CAD\Project\CMU-24-681-CAD-MIProject\YsFramework\Main\vertex_to_polygon.cpp)
                 prefix with 'typename' to indicate a type
     1>c:\users\sony\desktop\cad\project\cmu-24-681-cad-miproject\ysframework\main\mihashtable.h(122): error C2146: syntax error : missing ')' before identifier 'newSize' (C:\Users\SONY\Desktop\CAD\Project\CMU-24-681-CAD-MIProject\YsFramework\Main\vertex_to_polygon.cpp)
     1>c:\users\sony\desktop\cad\project\cmu-24-681-cad-miproject\ysframework\main\mihashtable.h(122): error C2182: 'Resize' : illegal use of type 'void' (C:\Users\SONY\Desktop\CAD\Project\CMU-24-681-CAD-MIProject\YsFramework\Main\vertex_to_polygon.cpp)
     1>c:\users\sony\desktop\cad\project\cmu-24-681-cad-miproject\ysframework\main\mihashtable.h(122): error C2470: 'HashSet<Key>::Resize' : looks like a function definition, but there is no parameter list; skipping apparent body (C:\Users\SONY\Desktop\CAD\Project\CMU-24-681-CAD-MIProject\YsFramework\Main\vertex_to_polygon.cpp)
     1>c:\users\sony\desktop\cad\project\cmu-24-681-cad-miproject\ysframework\main\mihashtable.h(122): error C2072: 'HashSet<Key>::Resize' : initialization of a function (C:\Users\SONY\Desktop\CAD\Project\CMU-24-681-CAD-MIProject\YsFramework\Main\vertex_to_polygon.cpp)
     1>c:\users\sony\desktop\cad\project\cmu-24-681-cad-miproject\ysframework\main\mihashtable.h(122): error C2059: syntax error : ')' (C:\Users\SONY\Desktop\CAD\Project\CMU-24-681-CAD-MIProject\YsFramework\Main\vertex_to_polygon.cpp)
     1>c:\users\sony\desktop\cad\project\cmu-24-681-cad-miproject\ysframework\main\mihashtable.h(141): error C2065: 'Key' : undeclared identifier (C:\Users\SONY\Desktop\CAD\Project\CMU-24-681-CAD-MIProject\YsFramework\Main\vertex_to_polygon.cpp)
     1>c:\users\sony\desktop\cad\project\cmu-24-681-cad-miproject\ysframework\main\mihashtable.h(141): error C2923: 'HashSet' : 'Key' is not a valid template type argument for parameter 'Key' (C:\Users\SONY\Desktop\CAD\Project\CMU-24-681-CAD-MIProject\YsFramework\Main\vertex_to_polygon.cpp)
     1>c:\users\sony\desktop\cad\project\cmu-24-681-cad-miproject\ysframework\main\mihashtable.h(142): error C2143: syntax error : missing ';' before '{' (C:\Users\SONY\Desktop\CAD\Project\CMU-24-681-CAD-MIProject\YsFramework\Main\vertex_to_polygon.cpp)
     1>c:\users\sony\desktop\cad\project\cmu-24-681-cad-miproject\ysframework\main\mihashtable.h(142): error C2447: '{' : missing function header (old-style formal list?) (C:\Users\SONY\Desktop\CAD\Project\CMU-24-681-CAD-MIProject\YsFramework\Main\vertex_to_polygon.cpp)
     1>c:\users\sony\desktop\cad\project\cmu-24-681-cad-miproject\ysframework\main\mihashtable.h(243): warning C4346: 'HashTable<Key,Value>::Code' : dependent name is not a type (C:\Users\SONY\Desktop\CAD\Project\CMU-24-681-CAD-MIProject\YsFramework\Main\vertex_to_polygon.cpp)
                 prefix with 'typename' to indicate a type
     1>c:\users\sony\desktop\cad\project\cmu-24-681-cad-miproject\ysframework\main\mihashtable.h(243): error C2146: syntax error : missing ')' before identifier 'newSize' (C:\Users\SONY\Desktop\CAD\Project\CMU-24-681-CAD-MIProject\YsFramework\Main\vertex_to_polygon.cpp)
     1>c:\users\sony\desktop\cad\project\cmu-24-681-cad-miproject\ysframework\main\mihashtable.h(243): error C2182: 'Resize' : illegal use of type 'void' (C:\Users\SONY\Desktop\CAD\Project\CMU-24-681-CAD-MIProject\YsFramework\Main\vertex_to_polygon.cpp)
     1>c:\users\sony\desktop\cad\project\cmu-24-681-cad-miproject\ysframework\main\mihashtable.h(243): error C2470: 'HashTable<Key,Value>::Resize' : looks like a function definition, but there is no parameter list; skipping apparent body (C:\Users\SONY\Desktop\CAD\Project\CMU-24-681-CAD-MIProject\YsFramework\Main\vertex_to_polygon.cpp)
     1>c:\users\sony\desktop\cad\project\cmu-24-681-cad-miproject\ysframework\main\mihashtable.h(243): error C2072: 'HashTable<Key,Value>::Resize' : initialization of a function (C:\Users\SONY\Desktop\CAD\Project\CMU-24-681-CAD-MIProject\YsFramework\Main\vertex_to_polygon.cpp)
     1>c:\users\sony\desktop\cad\project\cmu-24-681-cad-miproject\ysframework\main\mihashtable.h(243): error C2059: syntax error : ')' (C:\Users\SONY\Desktop\CAD\Project\CMU-24-681-CAD-MIProject\YsFramework\Main\vertex_to_polygon.cpp)
     1>c:\users\sony\desktop\cad\project\cmu-24-681-cad-miproject\ysframework\main\mihashtable.h(262): error C2065: 'Key' : undeclared identifier (C:\Users\SONY\Desktop\CAD\Project\CMU-24-681-CAD-MIProject\YsFramework\Main\vertex_to_polygon.cpp)
     1>c:\users\sony\desktop\cad\project\cmu-24-681-cad-miproject\ysframework\main\mihashtable.h(262): error C2065: 'Value' : undeclared identifier (C:\Users\SONY\Desktop\CAD\Project\CMU-24-681-CAD-MIProject\YsFramework\Main\vertex_to_polygon.cpp)
     1>c:\users\sony\desktop\cad\project\cmu-24-681-cad-miproject\ysframework\main\mihashtable.h(262): error C2923: 'HashTable' : 'Key' is not a valid template type argument for parameter 'Key' (C:\Users\SONY\Desktop\CAD\Project\CMU-24-681-CAD-MIProject\YsFramework\Main\vertex_to_polygon.cpp)
     1>c:\users\sony\desktop\cad\project\cmu-24-681-cad-miproject\ysframework\main\mihashtable.h(262): error C2923: 'HashTable' : 'Value' is not a valid template type argument for parameter 'Value' (C:\Users\SONY\Desktop\CAD\Project\CMU-24-681-CAD-MIProject\YsFramework\Main\vertex_to_polygon.cpp)
     1>c:\users\sony\desktop\cad\project\cmu-24-681-cad-miproject\ysframework\main\mihashtable.h(263): error C2143: syntax error : missing ';' before '{' (C:\Users\SONY\Desktop\CAD\Project\CMU-24-681-CAD-MIProject\YsFramework\Main\vertex_to_polygon.cpp)
     1>c:\users\sony\desktop\cad\project\cmu-24-681-cad-miproject\ysframework\main\mihashtable.h(263): error C2447: '{' : missing function header (old-style formal list?) (C:\Users\SONY\Desktop\CAD\Project\CMU-24-681-CAD-MIProject\YsFramework\Main\vertex_to_polygon.cpp)
     1>c:\users\sony\desktop\cad\project\cmu-24-681-cad-miproject\ysframework\main\mihashtable.h(122): warning C4346: 'HashSet<Key>::big' : dependent name is not a type (C:\Users\SONY\Desktop\CAD\Project\CMU-24-681-CAD-MIProject\YsFramework\Main\clustering.cpp)
                 prefix with 'typename' to indicate a type
     1>c:\users\sony\desktop\cad\project\cmu-24-681-cad-miproject\ysframework\main\mihashtable.h(122): error C2146: syntax error : missing ')' before identifier 'newSize' (C:\Users\SONY\Desktop\CAD\Project\CMU-24-681-CAD-MIProject\YsFramework\Main\clustering.cpp)
     1>c:\users\sony\desktop\cad\project\cmu-24-681-cad-miproject\ysframework\main\mihashtable.h(122): error C2182: 'Resize' : illegal use of type 'void' (C:\Users\SONY\Desktop\CAD\Project\CMU-24-681-CAD-MIProject\YsFramework\Main\clustering.cpp)
     1>c:\users\sony\desktop\cad\project\cmu-24-681-cad-miproject\ysframework\main\mihashtable.h(122): error C2470: 'HashSet<Key>::Resize' : looks like a function definition, but there is no parameter list; skipping apparent body (C:\Users\SONY\Desktop\CAD\Project\CMU-24-681-CAD-MIProject\YsFramework\Main\clustering.cpp)
     1>c:\users\sony\desktop\cad\project\cmu-24-681-cad-miproject\ysframework\main\mihashtable.h(122): error C2072: 'HashSet<Key>::Resize' : initialization of a function (C:\Users\SONY\Desktop\CAD\Project\CMU-24-681-CAD-MIProject\YsFramework\Main\clustering.cpp)
     1>c:\users\sony\desktop\cad\project\cmu-24-681-cad-miproject\ysframework\main\mihashtable.h(122): error C2059: syntax error : ')' (C:\Users\SONY\Desktop\CAD\Project\CMU-24-681-CAD-MIProject\YsFramework\Main\clustering.cpp)
     1>c:\users\sony\desktop\cad\project\cmu-24-681-cad-miproject\ysframework\main\mihashtable.h(141): error C2065: 'Key' : undeclared identifier (C:\Users\SONY\Desktop\CAD\Project\CMU-24-681-CAD-MIProject\YsFramework\Main\clustering.cpp)
     1>c:\users\sony\desktop\cad\project\cmu-24-681-cad-miproject\ysframework\main\mihashtable.h(141): error C2923: 'HashSet' : 'Key' is not a valid template type argument for parameter 'Key' (C:\Users\SONY\Desktop\CAD\Project\CMU-24-681-CAD-MIProject\YsFramework\Main\clustering.cpp)
     1>c:\users\sony\desktop\cad\project\cmu-24-681-cad-miproject\ysframework\main\mihashtable.h(142): error C2143: syntax error : missing ';' before '{' (C:\Users\SONY\Desktop\CAD\Project\CMU-24-681-CAD-MIProject\YsFramework\Main\clustering.cpp)
     1>c:\users\sony\desktop\cad\project\cmu-24-681-cad-miproject\ysframework\main\mihashtable.h(142): error C2447: '{' : missing function header (old-style formal list?) (C:\Users\SONY\Desktop\CAD\Project\CMU-24-681-CAD-MIProject\YsFramework\Main\clustering.cpp)
     1>c:\users\sony\desktop\cad\project\cmu-24-681-cad-miproject\ysframework\main\mihashtable.h(243): warning C4346: 'HashTable<Key,Value>::Code' : dependent name is not a type (C:\Users\SONY\Desktop\CAD\Project\CMU-24-681-CAD-MIProject\YsFramework\Main\clustering.cpp)
                 prefix with 'typename' to indicate a type
     1>c:\users\sony\desktop\cad\project\cmu-24-681-cad-miproject\ysframework\main\mihashtable.h(243): error C2146: syntax error : missing ')' before identifier 'newSize' (C:\Users\SONY\Desktop\CAD\Project\CMU-24-681-CAD-MIProject\YsFramework\Main\clustering.cpp)
     1>c:\users\sony\desktop\cad\project\cmu-24-681-cad-miproject\ysframework\main\mihashtable.h(243): error C2182: 'Resize' : illegal use of type 'void' (C:\Users\SONY\Desktop\CAD\Project\CMU-24-681-CAD-MIProject\YsFramework\Main\clustering.cpp)
     1>c:\users\sony\desktop\cad\project\cmu-24-681-cad-miproject\ysframework\main\mihashtable.h(243): error C2470: 'HashTable<Key,Value>::Resize' : looks like a function definition, but there is no parameter list; skipping apparent body (C:\Users\SONY\Desktop\CAD\Project\CMU-24-681-CAD-MIProject\YsFramework\Main\clustering.cpp)
     1>c:\users\sony\desktop\cad\project\cmu-24-681-cad-miproject\ysframework\main\mihashtable.h(243): error C2072: 'HashTable<Key,Value>::Resize' : initialization of a function (C:\Users\SONY\Desktop\CAD\Project\CMU-24-681-CAD-MIProject\YsFramework\Main\clustering.cpp)
     1>c:\users\sony\desktop\cad\project\cmu-24-681-cad-miproject\ysframework\main\mihashtable.h(243): error C2059: syntax error : ')' (C:\Users\SONY\Desktop\CAD\Project\CMU-24-681-CAD-MIProject\YsFramework\Main\clustering.cpp)
     1>c:\users\sony\desktop\cad\project\cmu-24-681-cad-miproject\ysframework\main\mihashtable.h(262): error C2065: 'Key' : undeclared identifier (C:\Users\SONY\Desktop\CAD\Project\CMU-24-681-CAD-MIProject\YsFramework\Main\clustering.cpp)
     1>c:\users\sony\desktop\cad\project\cmu-24-681-cad-miproject\ysframework\main\mihashtable.h(262): error C2065: 'Value' : undeclared identifier (C:\Users\SONY\Desktop\CAD\Project\CMU-24-681-CAD-MIProject\YsFramework\Main\clustering.cpp)
     1>c:\users\sony\desktop\cad\project\cmu-24-681-cad-miproject\ysframework\main\mihashtable.h(262): error C2923: 'HashTable' : 'Key' is not a valid template type argument for parameter 'Key' (C:\Users\SONY\Desktop\CAD\Project\CMU-24-681-CAD-MIProject\YsFramework\Main\clustering.cpp)
     1>c:\users\sony\desktop\cad\project\cmu-24-681-cad-miproject\ysframework\main\mihashtable.h(262): error C2923: 'HashTable' : 'Value' is not a valid template type argument for parameter 'Value' (C:\Users\SONY\Desktop\CAD\Project\CMU-24-681-CAD-MIProject\YsFramework\Main\clustering.cpp)
     1>c:\users\sony\desktop\cad\project\cmu-24-681-cad-miproject\ysframework\main\mihashtable.h(263): error C2143: syntax error : missing ';' before '{' (C:\Users\SONY\Desktop\CAD\Project\CMU-24-681-CAD-MIProject\YsFramework\Main\clustering.cpp)
     1>c:\users\sony\desktop\cad\project\cmu-24-681-cad-miproject\ysframework\main\mihashtable.h(263): error C2447: '{' : missing function header (old-style formal list?) (C:\Users\SONY\Desktop\CAD\Project\CMU-24-681-CAD-MIProject\YsFramework\Main\clustering.cpp)
     1>c:\users\sony\desktop\cad\project\cmu-24-681-cad-miproject\ysframework\main\clustering.h(193): warning C4267: 'return' : conversion from 'size_t' to 'const int', possible loss of data (C:\Users\SONY\Desktop\CAD\Project\CMU-24-681-CAD-MIProject\YsFramework\Main\clustering.cpp)
     1>C:\Users\SONY\Desktop\CAD\Project\CMU-24-681-CAD-MIProject\YsFramework\Main\clustering.cpp(125): warning C4244: 'argument' : conversion from 'unsigned __int64' to 'double', possible loss of data
     1>C:\Users\SONY\Desktop\CAD\Project\CMU-24-681-CAD-MIProject\YsFramework\Main\clustering.cpp(126): warning C4244: 'argument' : conversion from 'unsigned __int64' to 'double', possible loss of data
     1>C:\Users\SONY\Desktop\CAD\Project\CMU-24-681-CAD-MIProject\YsFramework\Main\clustering.cpp(169): warning C4805: '!=' : unsafe mix of type 'YSBOOL' and type 'bool' in operation
     1>Done Building Project "C:\Users\SONY\Desktop\CAD\Project\CMU-24-681-CAD-MIProject\build\Main\mi_project.vcxproj" (Build target(s)) -- FAILED.

Build FAILED.

Time Elapsed 00:00:06.07
