Build started 29-04-2016 13:44:12.
     1>Project "C:\Users\SONY\Desktop\CAD\Project\CMU-24-681-CAD-MIProject\build\ZERO_CHECK.vcxproj" on node 2 (Build target(s)).
     1>CustomBuild:
         Checking Build System
         CMake does not need to re-run because C:/Users/SONY/Desktop/CAD/Project/CMU-24-681-CAD-MIProject/build/CMakeFiles/generate.stamp is up-to-date.
         CMake does not need to re-run because C:/Users/SONY/Desktop/CAD/Project/CMU-24-681-CAD-MIProject/build/public/src/CMakeFiles/generate.stamp is up-to-date.
         CMake does not need to re-run because C:/Users/SONY/Desktop/CAD/Project/CMU-24-681-CAD-MIProject/build/public/src/ysclass/src/CMakeFiles/generate.stamp is up-to-date.
         CMake does not need to re-run because C:/Users/SONY/Desktop/CAD/Project/CMU-24-681-CAD-MIProject/build/public/src/ysclass11/src/CMakeFiles/generate.stamp is up-to-date.
         CMake does not need to re-run because C:/Users/SONY/Desktop/CAD/Project/CMU-24-681-CAD-MIProject/build/public/src/ysport/src/CMakeFiles/generate.stamp is up-to-date.
         CMake does not need to re-run because C:/Users/SONY/Desktop/CAD/Project/CMU-24-681-CAD-MIProject/build/public/src/ysgl/src/CMakeFiles/generate.stamp is up-to-date.
         CMake does not need to re-run because C:/Users/SONY/Desktop/CAD/Project/CMU-24-681-CAD-MIProject/build/public/src/ysgl/test/CMakeFiles/generate.stamp is up-to-date.
         CMake does not need to re-run because C:/Users/SONY/Desktop/CAD/Project/CMU-24-681-CAD-MIProject/build/public/src/ysglcpp/src/CMakeFiles/generate.stamp is up-to-date.
         CMake does not need to re-run because C:/Users/SONY/Desktop/CAD/Project/CMU-24-681-CAD-MIProject/build/public/src/ysglcpp/src/gl1/CMakeFiles/generate.stamp is up-to-date.
         CMake does not need to re-run because C:/Users/SONY/Desktop/CAD/Project/CMU-24-681-CAD-MIProject/build/public/src/ysglcpp/src/gl2/CMakeFiles/generate.stamp is up-to-date.
         CMake does not need to re-run because C:/Users/SONY/Desktop/CAD/Project/CMU-24-681-CAD-MIProject/build/public/src/ysglcpp/src/nownd/CMakeFiles/generate.stamp is up-to-date.
         CMake does not need to re-run because C:/Users/SONY/Desktop/CAD/Project/CMU-24-681-CAD-MIProject/build/public/src/ysbitmap/src/CMakeFiles/generate.stamp is up-to-date.
         CMake does not need to re-run because C:/Users/SONY/Desktop/CAD/Project/CMU-24-681-CAD-MIProject/build/public/src/ysbitmap/cmdtools/CMakeFiles/generate.stamp is up-to-date.
         CMake does not need to re-run because C:/Users/SONY/Desktop/CAD/Project/CMU-24-681-CAD-MIProject/build/public/src/ysbitmaputil/src/CMakeFiles/generate.stamp is up-to-date.
         CMake does not need to re-run because C:/Users/SONY/Desktop/CAD/Project/CMU-24-681-CAD-MIProject/build/public/src/ysbitmapfont/src/CMakeFiles/generate.stamp is up-to-date.
         CMake does not need to re-run because C:/Users/SONY/Desktop/CAD/Project/CMU-24-681-CAD-MIProject/build/public/src/ysbitmapfont/cmdtools/CMakeFiles/generate.stamp is up-to-date.
         CMake does not need to re-run because C:/Users/SONY/Desktop/CAD/Project/CMU-24-681-CAD-MIProject/build/public/src/yssystemfont/src/CMakeFiles/generate.stamp is up-to-date.
         CMake does not need to re-run because C:/Users/SONY/Desktop/CAD/Project/CMU-24-681-CAD-MIProject/build/public/src/fssimplewindow/src/CMakeFiles/generate.stamp is up-to-date.
         CMake does not need to re-run because C:/Users/SONY/Desktop/CAD/Project/CMU-24-681-CAD-MIProject/build/public/src/fssimplewindow/template/CMakeFiles/generate.stamp is up-to-date.
         CMake does not need to re-run because C:/Users/SONY/Desktop/CAD/Project/CMU-24-681-CAD-MIProject/build/public/src/fssimplewindow/samples/CMakeFiles/generate.stamp is up-to-date.
         CMake does not need to re-run because C:/Users/SONY/Desktop/CAD/Project/CMU-24-681-CAD-MIProject/build/public/src/fslazywindow/src/CMakeFiles/generate.stamp is up-to-date.
         CMake does not need to re-run because C:/Users/SONY/Desktop/CAD/Project/CMU-24-681-CAD-MIProject/build/public/src/fslazywindow/template/CMakeFiles/generate.stamp is up-to-date.
         CMake does not need to re-run because C:/Users/SONY/Desktop/CAD/Project/CMU-24-681-CAD-MIProject/build/public/src/fslazywindow/samples/sample00-bouncingBall/CMakeFiles/generate.stamp is up-to-date.
         CMake does not need to re-run because C:/Users/SONY/Desktop/CAD/Project/CMU-24-681-CAD-MIProject/build/public/src/ysfontrenderer/src/CMakeFiles/generate.stamp is up-to-date.
         CMake does not need to re-run because C:/Users/SONY/Desktop/CAD/Project/CMU-24-681-CAD-MIProject/build/public/src/fsguilib/src/CMakeFiles/generate.stamp is up-to-date.
         CMake does not need to re-run because C:/Users/SONY/Desktop/CAD/Project/CMU-24-681-CAD-MIProject/build/public/src/fsguilib/src/gl1/CMakeFiles/generate.stamp is up-to-date.
         CMake does not need to re-run because C:/Users/SONY/Desktop/CAD/Project/CMU-24-681-CAD-MIProject/build/public/src/fsguilib/src/gl2/CMakeFiles/generate.stamp is up-to-date.
         CMake does not need to re-run because C:/Users/SONY/Desktop/CAD/Project/CMU-24-681-CAD-MIProject/build/public/src/fsguilib/src/nownd/CMakeFiles/generate.stamp is up-to-date.
         CMake does not need to re-run because C:/Users/SONY/Desktop/CAD/Project/CMU-24-681-CAD-MIProject/build/public/src/fsguilib/filedialog/CMakeFiles/generate.stamp is up-to-date.
         CMake does not need to re-run because C:/Users/SONY/Desktop/CAD/Project/CMU-24-681-CAD-MIProject/build/public/src/fsgui3d/src/CMakeFiles/generate.stamp is up-to-date.
         CMake does not need to re-run because C:/Users/SONY/Desktop/CAD/Project/CMU-24-681-CAD-MIProject/build/public/src/fsgui3d/src/gl1/CMakeFiles/generate.stamp is up-to-date.
         CMake does not need to re-run because C:/Users/SONY/Desktop/CAD/Project/CMU-24-681-CAD-MIProject/build/public/src/fsgui3d/src/gl2/CMakeFiles/generate.stamp is up-to-date.
         CMake does not need to re-run because C:/Users/SONY/Desktop/CAD/Project/CMU-24-681-CAD-MIProject/build/public/src/fsgui3d/template/CMakeFiles/generate.stamp is up-to-date.
         CMake does not need to re-run because C:/Users/SONY/Desktop/CAD/Project/CMU-24-681-CAD-MIProject/build/public/src/fsgui3d/template-easy/CMakeFiles/generate.stamp is up-to-date.
         CMake does not need to re-run because C:/Users/SONY/Desktop/CAD/Project/CMU-24-681-CAD-MIProject/build/public/src/ysgebl/src/kernel/CMakeFiles/generate.stamp is up-to-date.
         CMake does not need to re-run because C:/Users/SONY/Desktop/CAD/Project/CMU-24-681-CAD-MIProject/build/public/src/ysgebl/src/kernelutil/CMakeFiles/generate.stamp is up-to-date.
         CMake does not need to re-run because C:/Users/SONY/Desktop/CAD/Project/CMU-24-681-CAD-MIProject/build/public/src/ysgebl/src/shellrender/CMakeFiles/generate.stamp is up-to-date.
         CMake does not need to re-run because C:/Users/SONY/Desktop/CAD/Project/CMU-24-681-CAD-MIProject/build/public/src/ysgebl/src/shellrender/gl1/CMakeFiles/generate.stamp is up-to-date.
         CMake does not need to re-run because C:/Users/SONY/Desktop/CAD/Project/CMU-24-681-CAD-MIProject/build/public/src/ysgebl/src/shellrender/gl2/CMakeFiles/generate.stamp is up-to-date.
         CMake does not need to re-run because C:/Users/SONY/Desktop/CAD/Project/CMU-24-681-CAD-MIProject/build/public/src/ysgebl/src/shellrender/nownd/CMakeFiles/generate.stamp is up-to-date.
         CMake does not need to re-run because C:/Users/SONY/Desktop/CAD/Project/CMU-24-681-CAD-MIProject/build/public/src/ysgebl/src/gui_foundation/CMakeFiles/generate.stamp is up-to-date.
         CMake does not need to re-run because C:/Users/SONY/Desktop/CAD/Project/CMU-24-681-CAD-MIProject/build/public/src/ysgebl/src/gui/CMakeFiles/generate.stamp is up-to-date.
         CMake does not need to re-run because C:/Users/SONY/Desktop/CAD/Project/CMU-24-681-CAD-MIProject/build/public/src/ysgebl/src/main/CMakeFiles/generate.stamp is up-to-date.
         CMake does not need to re-run because C:/Users/SONY/Desktop/CAD/Project/CMU-24-681-CAD-MIProject/build/public/src/ysgebl/src/cmdlib/CMakeFiles/generate.stamp is up-to-date.
         CMake does not need to re-run because C:/Users/SONY/Desktop/CAD/Project/CMU-24-681-CAD-MIProject/build/public/src/ysgebl/src/cmdmain/CMakeFiles/generate.stamp is up-to-date.
         CMake does not need to re-run because C:/Users/SONY/Desktop/CAD/Project/CMU-24-681-CAD-MIProject/build/public/src/ysgebl/src/samples/CMakeFiles/generate.stamp is up-to-date.
         CMake does not need to re-run because C:/Users/SONY/Desktop/CAD/Project/CMU-24-681-CAD-MIProject/build/public/src/ysgebl/src/samples/YsShellExt/CMakeFiles/generate.stamp is up-to-date.
         CMake does not need to re-run because C:/Users/SONY/Desktop/CAD/Project/CMU-24-681-CAD-MIProject/build/public/src/test/CMakeFiles/generate.stamp is up-to-date.
         CMake does not need to re-run because C:/Users/SONY/Desktop/CAD/Project/CMU-24-681-CAD-MIProject/build/public/src/test/interactive/ysglslcpp/CMakeFiles/generate.stamp is up-to-date.
         CMake does not need to re-run because C:/Users/SONY/Desktop/CAD/Project/CMU-24-681-CAD-MIProject/build/public/src/test/interactive/yssystemfont/CMakeFiles/generate.stamp is up-to-date.
         CMake does not need to re-run because C:/Users/SONY/Desktop/CAD/Project/CMU-24-681-CAD-MIProject/build/Main/CMakeFiles/generate.stamp is up-to-date.
     1>Done Building Project "C:\Users\SONY\Desktop\CAD\Project\CMU-24-681-CAD-MIProject\build\ZERO_CHECK.vcxproj" (Build target(s)).

Build succeeded.

Time Elapsed 00:00:06.44
