Build started 29-04-2016 13:46:07.
     1>Project "C:\Users\SONY\Desktop\CAD\Project\CMU-24-681-CAD-MIProject\build\public\src\ysgl\src\ysgl.vcxproj" on node 3 (Build target(s)).
     1>CustomBuild:
         Building Custom Rule C:/Users/SONY/Desktop/CAD/Project/CMU-24-681-CAD-MIProject/YsFramework/public/src/ysgl/src/CMakeLists.txt
         CMake does not need to re-run because C:\Users\SONY\Desktop\CAD\Project\CMU-24-681-CAD-MIProject\build\public\src\ysgl\src\CMakeFiles\generate.stamp is up-to-date.
         Generating C:/Users/SONY/Desktop/CAD/Project/CMU-24-681-CAD-MIProject/YsFramework/public/src/ysgl/src/glsl/variColor3DDrawingFragmentShader.glsl
         C:/Users/SONY/Desktop/CAD/Project/CMU-24-681-CAD-MIProject/build/exe/ysgl_preproc variColor3DDrawingFragmentShader.glsl C:/Users/SONY/Desktop/CAD/Project/CMU-24-681-CAD-MIProject/YsFramework/public/src/ysgl/src/glsl/variColor3DDrawingFragmentShader.glsl
         Generating C:/Users/SONY/Desktop/CAD/Project/CMU-24-681-CAD-MIProject/YsFramework/public/src/ysgl/src/glsl/variColor3DDrawingVertexShader.glsl
         C:/Users/SONY/Desktop/CAD/Project/CMU-24-681-CAD-MIProject/build/exe/ysgl_preproc variColor3DDrawingVertexShader.glsl C:/Users/SONY/Desktop/CAD/Project/CMU-24-681-CAD-MIProject/YsFramework/public/src/ysgl/src/glsl/variColor3DDrawingVertexShader.glsl
         Generating C:/Users/SONY/Desktop/CAD/Project/CMU-24-681-CAD-MIProject/YsFramework/public/src/ysgl/src/glsl/variColorPerVtxShading3DDrawingFragmentShader.glsl
         C:/Users/SONY/Desktop/CAD/Project/CMU-24-681-CAD-MIProject/build/exe/ysgl_preproc variColorPerVtxShading3DDrawingFragmentShader.glsl C:/Users/SONY/Desktop/CAD/Project/CMU-24-681-CAD-MIProject/YsFramework/public/src/ysgl/src/glsl/variColorPerVtxShading3DDrawingFragmentShader.glsl
         Generating C:/Users/SONY/Desktop/CAD/Project/CMU-24-681-CAD-MIProject/YsFramework/public/src/ysgl/src/glsl/variColorPerVtxShading3DDrawingVertexShader.glsl
         C:/Users/SONY/Desktop/CAD/Project/CMU-24-681-CAD-MIProject/build/exe/ysgl_preproc variColorPerVtxShading3DDrawingVertexShader.glsl C:/Users/SONY/Desktop/CAD/Project/CMU-24-681-CAD-MIProject/YsFramework/public/src/ysgl/src/glsl/variColorPerVtxShading3DDrawingVertexShader.glsl
         Generating C:/Users/SONY/Desktop/CAD/Project/CMU-24-681-CAD-MIProject/YsFramework/public/src/ysgl/src/glsl/variColorPerPixShading3DDrawingVertexShader.glsl
         C:/Users/SONY/Desktop/CAD/Project/CMU-24-681-CAD-MIProject/build/exe/ysgl_preproc variColorPerPixShading3DDrawingVertexShader.glsl C:/Users/SONY/Desktop/CAD/Project/CMU-24-681-CAD-MIProject/YsFramework/public/src/ysgl/src/glsl/variColorPerPixShading3DDrawingVertexShader.glsl
         Generating C:/Users/SONY/Desktop/CAD/Project/CMU-24-681-CAD-MIProject/YsFramework/public/src/ysgl/src/glsl/variColorPerPixShading3DDrawingFragmentShader.glsl
         C:/Users/SONY/Desktop/CAD/Project/CMU-24-681-CAD-MIProject/build/exe/ysgl_preproc variColorPerPixShading3DDrawingFragmentShader.glsl C:/Users/SONY/Desktop/CAD/Project/CMU-24-681-CAD-MIProject/YsFramework/public/src/ysgl/src/glsl/variColorPerPixShading3DDrawingFragmentShader.glsl
         Generating C:/Users/SONY/Desktop/CAD/Project/CMU-24-681-CAD-MIProject/YsFramework/public/src/ysgl/src/glsl/variColorBillBoard3DDrawingFragmentShader.glsl
         C:/Users/SONY/Desktop/CAD/Project/CMU-24-681-CAD-MIProject/build/exe/ysgl_preproc variColorBillBoard3DDrawingFragmentShader.glsl C:/Users/SONY/Desktop/CAD/Project/CMU-24-681-CAD-MIProject/YsFramework/public/src/ysgl/src/glsl/variColorBillBoard3DDrawingFragmentShader.glsl
         Generating C:/Users/SONY/Desktop/CAD/Project/CMU-24-681-CAD-MIProject/YsFramework/public/src/ysgl/src/glsl/variColorBillBoard3DDrawingVertexShader.glsl
         C:/Users/SONY/Desktop/CAD/Project/CMU-24-681-CAD-MIProject/build/exe/ysgl_preproc variColorBillBoard3DDrawingVertexShader.glsl C:/Users/SONY/Desktop/CAD/Project/CMU-24-681-CAD-MIProject/YsFramework/public/src/ysgl/src/glsl/variColorBillBoard3DDrawingVertexShader.glsl
         Generating C:/Users/SONY/Desktop/CAD/Project/CMU-24-681-CAD-MIProject/YsFramework/public/src/ysgl/src/glsl/flash3DDrawingFragmentShader.glsl
         C:/Users/SONY/Desktop/CAD/Project/CMU-24-681-CAD-MIProject/build/exe/ysgl_preproc flash3DDrawingFragmentShader.glsl C:/Users/SONY/Desktop/CAD/Project/CMU-24-681-CAD-MIProject/YsFramework/public/src/ysgl/src/glsl/flash3DDrawingFragmentShader.glsl
         Generating C:/Users/SONY/Desktop/CAD/Project/CMU-24-681-CAD-MIProject/YsFramework/public/src/ysgl/src/glsl/flash3DDrawingVertexShader.glsl
         C:/Users/SONY/Desktop/CAD/Project/CMU-24-681-CAD-MIProject/build/exe/ysgl_preproc flash3DDrawingVertexShader.glsl C:/Users/SONY/Desktop/CAD/Project/CMU-24-681-CAD-MIProject/YsFramework/public/src/ysgl/src/glsl/flash3DDrawingVertexShader.glsl
         Generating C:/Users/SONY/Desktop/CAD/Project/CMU-24-681-CAD-MIProject/YsFramework/public/src/ysgl/src/glsl/flashByPointSprite3DDrawingFragmentShader.glsl
         C:/Users/SONY/Desktop/CAD/Project/CMU-24-681-CAD-MIProject/build/exe/ysgl_preproc flashByPointSprite3DDrawingFragmentShader.glsl C:/Users/SONY/Desktop/CAD/Project/CMU-24-681-CAD-MIProject/YsFramework/public/src/ysgl/src/glsl/flashByPointSprite3DDrawingFragmentShader.glsl
         Generating C:/Users/SONY/Desktop/CAD/Project/CMU-24-681-CAD-MIProject/YsFramework/public/src/ysgl/src/glsl/flashByPointSprite3DDrawingVertexShader.glsl
         C:/Users/SONY/Desktop/CAD/Project/CMU-24-681-CAD-MIProject/build/exe/ysgl_preproc flashByPointSprite3DDrawingVertexShader.glsl C:/Users/SONY/Desktop/CAD/Project/CMU-24-681-CAD-MIProject/YsFramework/public/src/ysgl/src/glsl/flashByPointSprite3DDrawingVertexShader.glsl
         Generating C:/Users/SONY/Desktop/CAD/Project/CMU-24-681-CAD-MIProject/YsFramework/public/src/ysgl/src/glsl/variColorMarker3DDrawingFragmentShader.glsl
         C:/Users/SONY/Desktop/CAD/Project/CMU-24-681-CAD-MIProject/build/exe/ysgl_preproc variColorMarker3DDrawingFragmentShader.glsl C:/Users/SONY/Desktop/CAD/Project/CMU-24-681-CAD-MIProject/YsFramework/public/src/ysgl/src/glsl/variColorMarker3DDrawingFragmentShader.glsl
         Generating C:/Users/SONY/Desktop/CAD/Project/CMU-24-681-CAD-MIProject/YsFramework/public/src/ysgl/src/glsl/variColorMarker3DDrawingVertexShader.glsl
         C:/Users/SONY/Desktop/CAD/Project/CMU-24-681-CAD-MIProject/build/exe/ysgl_preproc variColorMarker3DDrawingVertexShader.glsl C:/Users/SONY/Desktop/CAD/Project/CMU-24-681-CAD-MIProject/YsFramework/public/src/ysgl/src/glsl/variColorMarker3DDrawingVertexShader.glsl
         Generating C:/Users/SONY/Desktop/CAD/Project/CMU-24-681-CAD-MIProject/YsFramework/public/src/ysgl/src/glsl/variColorMarkerByPointSprite3DDrawingFragmentShader.glsl
         C:/Users/SONY/Desktop/CAD/Project/CMU-24-681-CAD-MIProject/build/exe/ysgl_preproc variColorMarkerByPointSprite3DDrawingFragmentShader.glsl C:/Users/SONY/Desktop/CAD/Project/CMU-24-681-CAD-MIProject/YsFramework/public/src/ysgl/src/glsl/variColorMarkerByPointSprite3DDrawingFragmentShader.glsl
         Generating C:/Users/SONY/Desktop/CAD/Project/CMU-24-681-CAD-MIProject/YsFramework/public/src/ysgl/src/glsl/variColorMarkerByPointSprite3DDrawingVertexShader.glsl
         C:/Users/SONY/Desktop/CAD/Project/CMU-24-681-CAD-MIProject/build/exe/ysgl_preproc variColorMarkerByPointSprite3DDrawingVertexShader.glsl C:/Users/SONY/Desktop/CAD/Project/CMU-24-681-CAD-MIProject/YsFramework/public/src/ysgl/src/glsl/variColorMarkerByPointSprite3DDrawingVertexShader.glsl
         Generating C:/Users/SONY/Desktop/CAD/Project/CMU-24-681-CAD-MIProject/YsFramework/public/src/ysgl/src/glsl/bmpRendererVertexShaderSrc.glsl
         C:/Users/SONY/Desktop/CAD/Project/CMU-24-681-CAD-MIProject/build/exe/ysgl_preproc bmpRendererVertexShaderSrc.glsl C:/Users/SONY/Desktop/CAD/Project/CMU-24-681-CAD-MIProject/YsFramework/public/src/ysgl/src/glsl/bmpRendererVertexShaderSrc.glsl
         Generating C:/Users/SONY/Desktop/CAD/Project/CMU-24-681-CAD-MIProject/YsFramework/public/src/ysgl/src/glsl/bmpRendererFragmentShaderSrc.glsl
         C:/Users/SONY/Desktop/CAD/Project/CMU-24-681-CAD-MIProject/build/exe/ysgl_preproc bmpRendererFragmentShaderSrc.glsl C:/Users/SONY/Desktop/CAD/Project/CMU-24-681-CAD-MIProject/YsFramework/public/src/ysgl/src/glsl/bmpRendererFragmentShaderSrc.glsl
         Generating C:/Users/SONY/Desktop/CAD/Project/CMU-24-681-CAD-MIProject/YsFramework/public/src/ysgl/src/glsl/plain2DDrawingVertexShaderSrc.glsl
         C:/Users/SONY/Desktop/CAD/Project/CMU-24-681-CAD-MIProject/build/exe/ysgl_preproc plain2DDrawingVertexShaderSrc.glsl C:/Users/SONY/Desktop/CAD/Project/CMU-24-681-CAD-MIProject/YsFramework/public/src/ysgl/src/glsl/plain2DDrawingVertexShaderSrc.glsl
         Generating C:/Users/SONY/Desktop/CAD/Project/CMU-24-681-CAD-MIProject/YsFramework/public/src/ysgl/src/glsl/plain2DDrawingFragmentShaderSrc.glsl
         C:/Users/SONY/Desktop/CAD/Project/CMU-24-681-CAD-MIProject/build/exe/ysgl_preproc plain2DDrawingFragmentShaderSrc.glsl C:/Users/SONY/Desktop/CAD/Project/CMU-24-681-CAD-MIProject/YsFramework/public/src/ysgl/src/glsl/plain2DDrawingFragmentShaderSrc.glsl
         Generating C:/Users/SONY/Desktop/CAD/Project/CMU-24-681-CAD-MIProject/YsFramework/public/src/ysgl/src/glsl/variColorPointSprite3DDrawingFragmentShader.glsl
         C:/Users/SONY/Desktop/CAD/Project/CMU-24-681-CAD-MIProject/build/exe/ysgl_preproc variColorPointSprite3DDrawingFragmentShader.glsl C:/Users/SONY/Desktop/CAD/Project/CMU-24-681-CAD-MIProject/YsFramework/public/src/ysgl/src/glsl/variColorPointSprite3DDrawingFragmentShader.glsl
         Generating C:/Users/SONY/Desktop/CAD/Project/CMU-24-681-CAD-MIProject/YsFramework/public/src/ysgl/src/glsl/variColorPointSprite3DDrawingVertexShader.glsl
         C:/Users/SONY/Desktop/CAD/Project/CMU-24-681-CAD-MIProject/build/exe/ysgl_preproc variColorPointSprite3DDrawingVertexShader.glsl C:/Users/SONY/Desktop/CAD/Project/CMU-24-681-CAD-MIProject/YsFramework/public/src/ysgl/src/glsl/variColorPointSprite3DDrawingVertexShader.glsl
         Generating C:/Users/SONY/Desktop/CAD/Project/CMU-24-681-CAD-MIProject/YsFramework/public/src/ysgl/src/ysglslprogram.c
         C:/Users/SONY/Desktop/CAD/Project/CMU-24-681-CAD-MIProject/build/exe/ysgl_makec C:/Users/SONY/Desktop/CAD/Project/CMU-24-681-CAD-MIProject/YsFramework/public/src/ysgl/src/glsl/variColor3DDrawingFragmentShader.glsl C:/Users/SONY/Desktop/CAD/Project/CMU-24-681-CAD-MIProject/YsFramework/public/src/ysgl/src/glsl/variColor3DDrawingVertexShader.glsl C:/Users/SONY/Desktop/CAD/Project/CMU-24-681-CAD-MIProject/YsFramework/public/src/ysgl/src/glsl/variColorPerVtxShading3DDrawingFragmentShader.glsl C:/Users/SONY/Desktop/CAD/Project/CMU-24-681-CAD-MIProject/YsFramework/public/src/ysgl/src/glsl/variColorPerVtxShading3DDrawingVertexShader.glsl C:/Users/SONY/Desktop/CAD/Project/CMU-24-681-CAD-MIProject/YsFramework/public/src/ysgl/src/glsl/variColorPerPixShading3DDrawingVertexShader.glsl C:/Users/SONY/Desktop/CAD/Project/CMU-24-681-CAD-MIProject/YsFramework/public/src/ysgl/src/glsl/variColorPerPixShading3DDrawingFragmentShader.glsl C:/Users/SONY/Desktop/CAD/Project/CMU-24-681-CAD-MIProject/YsFramework/public/src/ysgl/src/glsl/variColorBillBoard3DDrawingFragmentShader.glsl C:/Users/SONY/Desktop/CAD/Project/CMU-24-681-CAD-MIProject/YsFramework/public/src/ysgl/src/glsl/variColorBillBoard3DDrawingVertexShader.glsl C:/Users/SONY/Desktop/CAD/Project/CMU-24-681-CAD-MIProject/YsFramework/public/src/ysgl/src/glsl/flash3DDrawingFragmentShader.glsl C:/Users/SONY/Desktop/CAD/Project/CMU-24-681-CAD-MIProject/YsFramework/public/src/ysgl/src/glsl/flash3DDrawingVertexShader.glsl C:/Users/SONY/Desktop/CAD/Project/CMU-24-681-CAD-MIProject/YsFramework/public/src/ysgl/src/glsl/flashByPointSprite3DDrawingFragmentShader.glsl C:/Users/SONY/Desktop/CAD/Project/CMU-24-681-CAD-MIProject/YsFramework/public/src/ysgl/src/glsl/flashByPointSprite3DDrawingVertexShader.glsl C:/Users/SONY/Desktop/CAD/Project/CMU-24-681-CAD-MIProject/YsFramework/public/src/ysgl/src/glsl/variColorMarker3DDrawingFragmentShader.glsl C:/Users/SONY/Desktop/CAD/Project/CMU-24-681-CAD-MIProject/YsFramework/public/src/ysgl/src/glsl/variColorMarker3DDrawingVertexShader.glsl C:/Users/SONY/Desktop/CAD/Project/CMU-24-681-CAD-MIProject/YsFramework/public/src/ysgl/src/glsl/variColorMarkerByPointSprite3DDrawingFragmentShader.glsl C:/Users/SONY/Desktop/CAD/Project/CMU-24-681-CAD-MIProject/YsFramework/public/src/ysgl/src/glsl/variColorMarkerByPointSprite3DDrawingVertexShader.glsl C:/Users/SONY/Desktop/CAD/Project/CMU-24-681-CAD-MIProject/YsFramework/public/src/ysgl/src/glsl/bmpRendererVertexShaderSrc.glsl C:/Users/SONY/Desktop/CAD/Project/CMU-24-681-CAD-MIProject/YsFramework/public/src/ysgl/src/glsl/bmpRendererFragmentShaderSrc.glsl C:/Users/SONY/Desktop/CAD/Project/CMU-24-681-CAD-MIProject/YsFramework/public/src/ysgl/src/glsl/plain2DDrawingVertexShaderSrc.glsl C:/Users/SONY/Desktop/CAD/Project/CMU-24-681-CAD-MIProject/YsFramework/public/src/ysgl/src/glsl/plain2DDrawingFragmentShaderSrc.glsl C:/Users/SONY/Desktop/CAD/Project/CMU-24-681-CAD-MIProject/YsFramework/public/src/ysgl/src/glsl/variColorPointSprite3DDrawingFragmentShader.glsl C:/Users/SONY/Desktop/CAD/Project/CMU-24-681-CAD-MIProject/YsFramework/public/src/ysgl/src/glsl/variColorPointSprite3DDrawingVertexShader.glsl
         Generating C:/Users/SONY/Desktop/CAD/Project/CMU-24-681-CAD-MIProject/YsFramework/public/src/ysgl/src/ysglslprogram.h
         C:/Users/SONY/Desktop/CAD/Project/CMU-24-681-CAD-MIProject/build/exe/ysgl_makeh C:/Users/SONY/Desktop/CAD/Project/CMU-24-681-CAD-MIProject/YsFramework/public/src/ysgl/src/glsl/variColor3DDrawingFragmentShader.glsl C:/Users/SONY/Desktop/CAD/Project/CMU-24-681-CAD-MIProject/YsFramework/public/src/ysgl/src/glsl/variColor3DDrawingVertexShader.glsl C:/Users/SONY/Desktop/CAD/Project/CMU-24-681-CAD-MIProject/YsFramework/public/src/ysgl/src/glsl/variColorPerVtxShading3DDrawingFragmentShader.glsl C:/Users/SONY/Desktop/CAD/Project/CMU-24-681-CAD-MIProject/YsFramework/public/src/ysgl/src/glsl/variColorPerVtxShading3DDrawingVertexShader.glsl C:/Users/SONY/Desktop/CAD/Project/CMU-24-681-CAD-MIProject/YsFramework/public/src/ysgl/src/glsl/variColorPerPixShading3DDrawingVertexShader.glsl C:/Users/SONY/Desktop/CAD/Project/CMU-24-681-CAD-MIProject/YsFramework/public/src/ysgl/src/glsl/variColorPerPixShading3DDrawingFragmentShader.glsl C:/Users/SONY/Desktop/CAD/Project/CMU-24-681-CAD-MIProject/YsFramework/public/src/ysgl/src/glsl/variColorBillBoard3DDrawingFragmentShader.glsl C:/Users/SONY/Desktop/CAD/Project/CMU-24-681-CAD-MIProject/YsFramework/public/src/ysgl/src/glsl/variColorBillBoard3DDrawingVertexShader.glsl C:/Users/SONY/Desktop/CAD/Project/CMU-24-681-CAD-MIProject/YsFramework/public/src/ysgl/src/glsl/flash3DDrawingFragmentShader.glsl C:/Users/SONY/Desktop/CAD/Project/CMU-24-681-CAD-MIProject/YsFramework/public/src/ysgl/src/glsl/flash3DDrawingVertexShader.glsl C:/Users/SONY/Desktop/CAD/Project/CMU-24-681-CAD-MIProject/YsFramework/public/src/ysgl/src/glsl/flashByPointSprite3DDrawingFragmentShader.glsl C:/Users/SONY/Desktop/CAD/Project/CMU-24-681-CAD-MIProject/YsFramework/public/src/ysgl/src/glsl/flashByPointSprite3DDrawingVertexShader.glsl C:/Users/SONY/Desktop/CAD/Project/CMU-24-681-CAD-MIProject/YsFramework/public/src/ysgl/src/glsl/variColorMarker3DDrawingFragmentShader.glsl C:/Users/SONY/Desktop/CAD/Project/CMU-24-681-CAD-MIProject/YsFramework/public/src/ysgl/src/glsl/variColorMarker3DDrawingVertexShader.glsl C:/Users/SONY/Desktop/CAD/Project/CMU-24-681-CAD-MIProject/YsFramework/public/src/ysgl/src/glsl/variColorMarkerByPointSprite3DDrawingFragmentShader.glsl C:/Users/SONY/Desktop/CAD/Project/CMU-24-681-CAD-MIProject/YsFramework/public/src/ysgl/src/glsl/variColorMarkerByPointSprite3DDrawingVertexShader.glsl C:/Users/SONY/Desktop/CAD/Project/CMU-24-681-CAD-MIProject/YsFramework/public/src/ysgl/src/glsl/bmpRendererVertexShaderSrc.glsl C:/Users/SONY/Desktop/CAD/Project/CMU-24-681-CAD-MIProject/YsFramework/public/src/ysgl/src/glsl/bmpRendererFragmentShaderSrc.glsl C:/Users/SONY/Desktop/CAD/Project/CMU-24-681-CAD-MIProject/YsFramework/public/src/ysgl/src/glsl/plain2DDrawingVertexShaderSrc.glsl C:/Users/SONY/Desktop/CAD/Project/CMU-24-681-CAD-MIProject/YsFramework/public/src/ysgl/src/glsl/plain2DDrawingFragmentShaderSrc.glsl C:/Users/SONY/Desktop/CAD/Project/CMU-24-681-CAD-MIProject/YsFramework/public/src/ysgl/src/glsl/variColorPointSprite3DDrawingFragmentShader.glsl C:/Users/SONY/Desktop/CAD/Project/CMU-24-681-CAD-MIProject/YsFramework/public/src/ysgl/src/glsl/variColorPointSprite3DDrawingVertexShader.glsl
       ClCompile:
         C:\Program Files (x86)\Microsoft Visual Studio 12.0\VC\bin\x86_amd64\CL.exe /c /I"C:\Users\SONY\Desktop\CAD\Project\CMU-24-681-CAD-MIProject\YsFramework\public\src\imported\include" /I"C:\Users\SONY\Desktop\CAD\Project\CMU-24-681-CAD-MIProject\YsFramework\public\src\ysgl\src\..\..\imported\include" /I"C:\Users\SONY\Desktop\CAD\Project\CMU-24-681-CAD-MIProject\YsFramework\public\src\ysgl\src" /I"C:\Users\SONY\Desktop\CAD\Project\CMU-24-681-CAD-MIProject\YsFramework\public\src\ysgl\src\." /I"C:\Users\SONY\Desktop\CAD\Project\CMU-24-681-CAD-MIProject\YsFramework\src\imported\include" /nologo /W3 /WX- /MP /O2 /Ob2 /D WIN32 /D _WINDOWS /D NDEBUG /D "CMAKE_INTDIR=\"Release\"" /D _MBCS /Gm- /MT /GS /fp:precise /Zc:wchar_t /Zc:forScope /Fo"ysgl.dir\Release\\" /Fd"ysgl.dir\Release\vc120.pdb" /Gd /TC /wd4996 /errorReport:prompt "C:\Users\SONY\Desktop\CAD\Project\CMU-24-681-CAD-MIProject\YsFramework\public\src\ysgl\src\ysglwindows.c" "C:\Users\SONY\Desktop\CAD\Project\CMU-24-681-CAD-MIProject\YsFramework\public\src\ysgl\src\ysglbitmap.c" "C:\Users\SONY\Desktop\CAD\Project\CMU-24-681-CAD-MIProject\YsFramework\public\src\ysgl\src\ysglmath.c" "C:\Users\SONY\Desktop\CAD\Project\CMU-24-681-CAD-MIProject\YsFramework\public\src\ysgl\src\ysglsl3ddrawing.c" "C:\Users\SONY\Desktop\CAD\Project\CMU-24-681-CAD-MIProject\YsFramework\public\src\ysgl\src\ysglslbitmaprenderer.c" "C:\Users\SONY\Desktop\CAD\Project\CMU-24-681-CAD-MIProject\YsFramework\public\src\ysgl\src\ysglslplain2ddrawing.c" "C:\Users\SONY\Desktop\CAD\Project\CMU-24-681-CAD-MIProject\YsFramework\public\src\ysgl\src\ysglslsharedrenderer.c" "C:\Users\SONY\Desktop\CAD\Project\CMU-24-681-CAD-MIProject\YsFramework\public\src\ysgl\src\ysglslutil.c" "C:\Users\SONY\Desktop\CAD\Project\CMU-24-681-CAD-MIProject\YsFramework\public\src\ysgl\src\ysglslprogram.c"
         ysglwindows.c
         ysglbitmap.c
         ysglmath.c
         ysglsl3ddrawing.c
         ysglslbitmaprenderer.c
         ysglslplain2ddrawing.c
         ysglslsharedrenderer.c
         ysglslutil.c
         ysglslprogram.c
     1>C:\Users\SONY\Desktop\CAD\Project\CMU-24-681-CAD-MIProject\YsFramework\public\src\ysgl\src\ysglwindows.c(218): warning C4090: 'function' : different 'const' qualifiers
       Lib:
         C:\Program Files (x86)\Microsoft Visual Studio 12.0\VC\bin\x86_amd64\Lib.exe /OUT:"C:\Users\SONY\Desktop\CAD\Project\CMU-24-681-CAD-MIProject\build\lib\Release\ysgl.lib" /NOLOGO /MACHINE:X64  /machine:x64 ysgl.dir\Release\ysglwindows.obj
         ysgl.dir\Release\ysglbitmap.obj
         ysgl.dir\Release\ysglmath.obj
         ysgl.dir\Release\ysglsl3ddrawing.obj
         ysgl.dir\Release\ysglslbitmaprenderer.obj
         ysgl.dir\Release\ysglslplain2ddrawing.obj
         ysgl.dir\Release\ysglslsharedrenderer.obj
         ysgl.dir\Release\ysglslutil.obj
         ysgl.dir\Release\ysglslprogram.obj
         ysgl.vcxproj -> C:\Users\SONY\Desktop\CAD\Project\CMU-24-681-CAD-MIProject\build\lib\Release\ysgl.lib
     1>Done Building Project "C:\Users\SONY\Desktop\CAD\Project\CMU-24-681-CAD-MIProject\build\public\src\ysgl\src\ysgl.vcxproj" (Build target(s)).

Build succeeded.

Time Elapsed 00:00:23.88
