Build started 29-04-2016 13:51:56.
     1>Project "C:\Users\SONY\Desktop\CAD\Project\CMU-24-681-CAD-MIProject\build\public\src\fssimplewindow\samples\sample01-squash.vcxproj" on node 2 (Build target(s)).
     1>CustomBuild:
         Building Custom Rule C:/Users/SONY/Desktop/CAD/Project/CMU-24-681-CAD-MIProject/YsFramework/public/src/fssimplewindow/samples/CMakeLists.txt
         CMake does not need to re-run because C:\Users\SONY\Desktop\CAD\Project\CMU-24-681-CAD-MIProject\build\public\src\fssimplewindow\samples\CMakeFiles\generate.stamp is up-to-date.
       ClCompile:
         C:\Program Files (x86)\Microsoft Visual Studio 12.0\VC\bin\x86_amd64\CL.exe /c /I"C:\Users\SONY\Desktop\CAD\Project\CMU-24-681-CAD-MIProject\YsFramework\public\src\imported\include" /I"C:\Users\SONY\Desktop\CAD\Project\CMU-24-681-CAD-MIProject\YsFramework\public\src\fssimplewindow\src" /I"C:\Users\SONY\Desktop\CAD\Project\CMU-24-681-CAD-MIProject\YsFramework\public\src\fssimplewindow\src\." /I"C:\Users\SONY\Desktop\CAD\Project\CMU-24-681-CAD-MIProject\YsFramework\public\src\ysbitmapfont\src" /I"C:\Users\SONY\Desktop\CAD\Project\CMU-24-681-CAD-MIProject\YsFramework\public\src\ysbitmapfont\src\." /I"C:\Users\SONY\Desktop\CAD\Project\CMU-24-681-CAD-MIProject\YsFramework\public\src\ysgl\src" /I"C:\Users\SONY\Desktop\CAD\Project\CMU-24-681-CAD-MIProject\YsFramework\src\imported\include" /I"C:\Users\SONY\Desktop\CAD\Project\CMU-24-681-CAD-MIProject\YsFramework\public\src\ysgl\src\." /nologo /W3 /WX- /MP /O2 /Ob2 /D WIN32 /D _WINDOWS /D NDEBUG /D "CMAKE_INTDIR=\"Release\"" /D _MBCS /Gm- /EHsc /MT /GS /fp:precise /Zc:wchar_t /Zc:forScope /GR /Fo"sample01-squash.dir\Release\\" /Fd"sample01-squash.dir\Release\vc120.pdb" /Gd /TP /wd4996 /errorReport:prompt "C:\Users\SONY\Desktop\CAD\Project\CMU-24-681-CAD-MIProject\YsFramework\public\src\fssimplewindow\samples\sample01-squash\sample01-squash.cpp"
         sample01-squash.cpp
     1>C:\Users\SONY\Desktop\CAD\Project\CMU-24-681-CAD-MIProject\YsFramework\public\src\fssimplewindow\samples\sample01-squash\sample01-squash.cpp(82): warning C4267: 'argument' : conversion from 'size_t' to 'GLsizei', possible loss of data
     1>C:\Users\SONY\Desktop\CAD\Project\CMU-24-681-CAD-MIProject\YsFramework\public\src\fssimplewindow\samples\sample01-squash\sample01-squash.cpp(85): warning C4267: 'argument' : conversion from 'size_t' to 'GLsizei', possible loss of data
     1>C:\Users\SONY\Desktop\CAD\Project\CMU-24-681-CAD-MIProject\YsFramework\public\src\fssimplewindow\samples\sample01-squash\sample01-squash.cpp(185): warning C4267: 'argument' : conversion from 'size_t' to 'GLsizei', possible loss of data
     1>C:\Users\SONY\Desktop\CAD\Project\CMU-24-681-CAD-MIProject\YsFramework\public\src\fssimplewindow\samples\sample01-squash\sample01-squash.cpp(189): warning C4244: '=' : conversion from '__int64' to 'int', possible loss of data
     1>C:\Users\SONY\Desktop\CAD\Project\CMU-24-681-CAD-MIProject\YsFramework\public\src\fssimplewindow\samples\sample01-squash\sample01-squash.cpp(221): warning C4267: 'argument' : conversion from 'size_t' to 'GLsizei', possible loss of data
     1>C:\Users\SONY\Desktop\CAD\Project\CMU-24-681-CAD-MIProject\YsFramework\public\src\fssimplewindow\samples\sample01-squash\sample01-squash.cpp(226): warning C4267: 'argument' : conversion from 'size_t' to 'GLsizei', possible loss of data
       Link:
         C:\Program Files (x86)\Microsoft Visual Studio 12.0\VC\bin\x86_amd64\link.exe /ERRORREPORT:PROMPT /OUT:"C:\Users\SONY\Desktop\CAD\Project\CMU-24-681-CAD-MIProject\build\exe\Release\sample01-squash.exe" /INCREMENTAL:NO /NOLOGO kernel32.lib user32.lib gdi32.lib winspool.lib shell32.lib ole32.lib oleaut32.lib uuid.lib comdlg32.lib advapi32.lib ..\..\..\..\lib\Release\fssimplewindow.lib ..\..\..\..\lib\Release\ysbitmapfont.lib ..\..\..\..\lib\Release\ysgl.lib /MANIFEST /MANIFESTUAC:"level='asInvoker' uiAccess='false'" /manifest:embed /PDB:"C:/Users/SONY/Desktop/CAD/Project/CMU-24-681-CAD-MIProject/build/exe/Release/sample01-squash.pdb" /SUBSYSTEM:CONSOLE /TLBID:1 /DYNAMICBASE /NXCOMPAT /IMPLIB:"C:/Users/SONY/Desktop/CAD/Project/CMU-24-681-CAD-MIProject/build/exe/Release/sample01-squash.lib" /MACHINE:X64  /machine:x64 /SUBSYSTEM:CONSOLE,5.02 /MACHINE:x64 "sample01-squash.dir\Release\sample01-squash.obj"
         sample01-squash.vcxproj -> C:\Users\SONY\Desktop\CAD\Project\CMU-24-681-CAD-MIProject\build\exe\Release\sample01-squash.exe
     1>Done Building Project "C:\Users\SONY\Desktop\CAD\Project\CMU-24-681-CAD-MIProject\build\public\src\fssimplewindow\samples\sample01-squash.vcxproj" (Build target(s)).

Build succeeded.

Time Elapsed 00:00:05.24
